<?xml version="1.0" encoding="UTF-8"?>
<testsuite xmlns:xsi="http://www.w3.org/2001/XMLSchema-instance" xsi:noNamespaceSchemaLocation="https://maven.apache.org/surefire/maven-surefire-plugin/xsd/surefire-test-report-3.0.xsd" version="3.0" name="UserDAOTest" time="2.127" tests="6" errors="0" skipped="0" failures="0">
  <properties>
    <property name="java.specification.version" value="19"/>
    <property name="sun.jnu.encoding" value="UTF-8"/>
    <property name="java.class.path" value="/home/stian/code/NTNU/idatt1002/devops-workshop/target/test-classes:/home/stian/code/NTNU/idatt1002/devops-workshop/target/classes:/home/stian/.m2/repository/javax/ws/rs/javax.ws.rs-api/2.1/javax.ws.rs-api-2.1.jar:/home/stian/.m2/repository/org/glassfish/jersey/containers/jersey-container-servlet-core/3.1.1/jersey-container-servlet-core-3.1.1.jar:/home/stian/.m2/repository/jakarta/inject/jakarta.inject-api/2.0.1/jakarta.inject-api-2.0.1.jar:/home/stian/.m2/repository/org/glassfish/jersey/core/jersey-common/3.1.1/jersey-common-3.1.1.jar:/home/stian/.m2/repository/jakarta/annotation/jakarta.annotation-api/2.1.1/jakarta.annotation-api-2.1.1.jar:/home/stian/.m2/repository/org/glassfish/hk2/osgi-resource-locator/1.0.3/osgi-resource-locator-1.0.3.jar:/home/stian/.m2/repository/org/glassfish/jersey/core/jersey-server/3.1.1/jersey-server-3.1.1.jar:/home/stian/.m2/repository/org/glassfish/jersey/core/jersey-client/3.1.1/jersey-client-3.1.1.jar:/home/stian/.m2/repository/jakarta/validation/jakarta.validation-api/3.0.2/jakarta.validation-api-3.0.2.jar:/home/stian/.m2/repository/jakarta/ws/rs/jakarta.ws.rs-api/3.1.0/jakarta.ws.rs-api-3.1.0.jar:/home/stian/.m2/repository/org/glassfish/jersey/inject/jersey-hk2/3.1.1/jersey-hk2-3.1.1.jar:/home/stian/.m2/repository/org/glassfish/hk2/hk2-locator/3.0.3/hk2-locator-3.0.3.jar:/home/stian/.m2/repository/org/glassfish/hk2/external/aopalliance-repackaged/3.0.3/aopalliance-repackaged-3.0.3.jar:/home/stian/.m2/repository/org/glassfish/hk2/hk2-api/3.0.3/hk2-api-3.0.3.jar:/home/stian/.m2/repository/org/glassfish/hk2/hk2-utils/3.0.3/hk2-utils-3.0.3.jar:/home/stian/.m2/repository/org/javassist/javassist/3.29.0-GA/javassist-3.29.0-GA.jar:/home/stian/.m2/repository/org/glassfish/jersey/media/jersey-media-json-binding/3.1.1/jersey-media-json-binding-3.1.1.jar:/home/stian/.m2/repository/jakarta/json/jakarta.json-api/2.1.1/jakarta.json-api-2.1.1.jar:/home/stian/.m2/repository/jakarta/json/bind/jakarta.json.bind-api/3.0.0/jakarta.json.bind-api-3.0.0.jar:/home/stian/.m2/repository/org/eclipse/parsson/parsson/1.1.1/parsson-1.1.1.jar:/home/stian/.m2/repository/org/eclipse/yasson/3.0.2/yasson-3.0.2.jar:/home/stian/.m2/repository/org/glassfish/jersey/test-framework/providers/jersey-test-framework-provider-jetty/3.1.1/jersey-test-framework-provider-jetty-3.1.1.jar:/home/stian/.m2/repository/org/glassfish/jersey/test-framework/jersey-test-framework-core/3.1.1/jersey-test-framework-core-3.1.1.jar:/home/stian/.m2/repository/jakarta/xml/bind/jakarta.xml.bind-api/4.0.0/jakarta.xml.bind-api-4.0.0.jar:/home/stian/.m2/repository/jakarta/activation/jakarta.activation-api/2.1.0/jakarta.activation-api-2.1.0.jar:/home/stian/.m2/repository/jakarta/servlet/jakarta.servlet-api/6.0.0/jakarta.servlet-api-6.0.0.jar:/home/stian/.m2/repository/org/glassfish/jersey/media/jersey-media-jaxb/3.1.1/jersey-media-jaxb-3.1.1.jar:/home/stian/.m2/repository/org/glassfish/jersey/containers/jersey-container-jetty-http/3.1.1/jersey-container-jetty-http-3.1.1.jar:/home/stian/.m2/repository/org/eclipse/jetty/jetty-server/11.0.13/jetty-server-11.0.13.jar:/home/stian/.m2/repository/org/eclipse/jetty/jetty-http/11.0.13/jetty-http-11.0.13.jar:/home/stian/.m2/repository/org/eclipse/jetty/jetty-io/11.0.13/jetty-io-11.0.13.jar:/home/stian/.m2/repository/org/slf4j/slf4j-api/2.0.5/slf4j-api-2.0.5.jar:/home/stian/.m2/repository/org/eclipse/jetty/jetty-util/11.0.13/jetty-util-11.0.13.jar:/home/stian/.m2/repository/org/junit/jupiter/junit-jupiter/5.9.1/junit-jupiter-5.9.1.jar:/home/stian/.m2/repository/org/junit/jupiter/junit-jupiter-params/5.9.1/junit-jupiter-params-5.9.1.jar:/home/stian/.m2/repository/org/hamcrest/hamcrest/2.2/hamcrest-2.2.jar:/home/stian/.m2/repository/org/junit/jupiter/junit-jupiter-api/5.8.1/junit-jupiter-api-5.8.1.jar:/home/stian/.m2/repository/org/opentest4j/opentest4j/1.2.0/opentest4j-1.2.0.jar:/home/stian/.m2/repository/org/junit/platform/junit-platform-commons/1.8.1/junit-platform-commons-1.8.1.jar:/home/stian/.m2/repository/org/apiguardian/apiguardian-api/1.1.2/apiguardian-api-1.1.2.jar:/home/stian/.m2/repository/org/junit/jupiter/junit-jupiter-engine/5.8.1/junit-jupiter-engine-5.8.1.jar:/home/stian/.m2/repository/org/junit/platform/junit-platform-engine/1.8.1/junit-platform-engine-1.8.1.jar:/home/stian/.m2/repository/c3p0/c3p0/0.9.1.2/c3p0-0.9.1.2.jar:/home/stian/.m2/repository/mysql/mysql-connector-java/8.0.16/mysql-connector-java-8.0.16.jar:/home/stian/.m2/repository/com/google/protobuf/protobuf-java/3.6.1/protobuf-java-3.6.1.jar:/home/stian/.m2/repository/javax/websocket/javax.websocket-api/1.1/javax.websocket-api-1.1.jar:/home/stian/.m2/repository/com/googlecode/json-simple/json-simple/1.1.1/json-simple-1.1.1.jar:/home/stian/.m2/repository/junit/junit/4.10/junit-4.10.jar:/home/stian/.m2/repository/org/hamcrest/hamcrest-core/1.1/hamcrest-core-1.1.jar:"/>
    <property name="java.vm.vendor" value="Oracle Corporation"/>
    <property name="sun.arch.data.model" value="64"/>
    <property name="java.vendor.url" value="https://openjdk.java.net/"/>
    <property name="user.timezone" value="Europe/Oslo"/>
    <property name="os.name" value="Linux"/>
    <property name="java.vm.specification.version" value="19"/>
    <property name="sun.java.launcher" value="SUN_STANDARD"/>
    <property name="user.country" value="US"/>
    <property name="sun.boot.library.path" value="/usr/lib/jvm/java-19-openjdk/lib"/>
    <property name="sun.java.command" value="/home/stian/code/NTNU/idatt1002/devops-workshop/target/surefire/surefirebooter-20230307153037435_3.jar /home/stian/code/NTNU/idatt1002/devops-workshop/target/surefire 2023-03-07T15-30-37_214-jvmRun1 surefire-20230307153037435_1tmp surefire_0-20230307153037435_2tmp"/>
    <property name="jdk.debug" value="release"/>
    <property name="surefire.test.class.path" value="/home/stian/code/NTNU/idatt1002/devops-workshop/target/test-classes:/home/stian/code/NTNU/idatt1002/devops-workshop/target/classes:/home/stian/.m2/repository/javax/ws/rs/javax.ws.rs-api/2.1/javax.ws.rs-api-2.1.jar:/home/stian/.m2/repository/org/glassfish/jersey/containers/jersey-container-servlet-core/3.1.1/jersey-container-servlet-core-3.1.1.jar:/home/stian/.m2/repository/jakarta/inject/jakarta.inject-api/2.0.1/jakarta.inject-api-2.0.1.jar:/home/stian/.m2/repository/org/glassfish/jersey/core/jersey-common/3.1.1/jersey-common-3.1.1.jar:/home/stian/.m2/repository/jakarta/annotation/jakarta.annotation-api/2.1.1/jakarta.annotation-api-2.1.1.jar:/home/stian/.m2/repository/org/glassfish/hk2/osgi-resource-locator/1.0.3/osgi-resource-locator-1.0.3.jar:/home/stian/.m2/repository/org/glassfish/jersey/core/jersey-server/3.1.1/jersey-server-3.1.1.jar:/home/stian/.m2/repository/org/glassfish/jersey/core/jersey-client/3.1.1/jersey-client-3.1.1.jar:/home/stian/.m2/repository/jakarta/validation/jakarta.validation-api/3.0.2/jakarta.validation-api-3.0.2.jar:/home/stian/.m2/repository/jakarta/ws/rs/jakarta.ws.rs-api/3.1.0/jakarta.ws.rs-api-3.1.0.jar:/home/stian/.m2/repository/org/glassfish/jersey/inject/jersey-hk2/3.1.1/jersey-hk2-3.1.1.jar:/home/stian/.m2/repository/org/glassfish/hk2/hk2-locator/3.0.3/hk2-locator-3.0.3.jar:/home/stian/.m2/repository/org/glassfish/hk2/external/aopalliance-repackaged/3.0.3/aopalliance-repackaged-3.0.3.jar:/home/stian/.m2/repository/org/glassfish/hk2/hk2-api/3.0.3/hk2-api-3.0.3.jar:/home/stian/.m2/repository/org/glassfish/hk2/hk2-utils/3.0.3/hk2-utils-3.0.3.jar:/home/stian/.m2/repository/org/javassist/javassist/3.29.0-GA/javassist-3.29.0-GA.jar:/home/stian/.m2/repository/org/glassfish/jersey/media/jersey-media-json-binding/3.1.1/jersey-media-json-binding-3.1.1.jar:/home/stian/.m2/repository/jakarta/json/jakarta.json-api/2.1.1/jakarta.json-api-2.1.1.jar:/home/stian/.m2/repository/jakarta/json/bind/jakarta.json.bind-api/3.0.0/jakarta.json.bind-api-3.0.0.jar:/home/stian/.m2/repository/org/eclipse/parsson/parsson/1.1.1/parsson-1.1.1.jar:/home/stian/.m2/repository/org/eclipse/yasson/3.0.2/yasson-3.0.2.jar:/home/stian/.m2/repository/org/glassfish/jersey/test-framework/providers/jersey-test-framework-provider-jetty/3.1.1/jersey-test-framework-provider-jetty-3.1.1.jar:/home/stian/.m2/repository/org/glassfish/jersey/test-framework/jersey-test-framework-core/3.1.1/jersey-test-framework-core-3.1.1.jar:/home/stian/.m2/repository/jakarta/xml/bind/jakarta.xml.bind-api/4.0.0/jakarta.xml.bind-api-4.0.0.jar:/home/stian/.m2/repository/jakarta/activation/jakarta.activation-api/2.1.0/jakarta.activation-api-2.1.0.jar:/home/stian/.m2/repository/jakarta/servlet/jakarta.servlet-api/6.0.0/jakarta.servlet-api-6.0.0.jar:/home/stian/.m2/repository/org/glassfish/jersey/media/jersey-media-jaxb/3.1.1/jersey-media-jaxb-3.1.1.jar:/home/stian/.m2/repository/org/glassfish/jersey/containers/jersey-container-jetty-http/3.1.1/jersey-container-jetty-http-3.1.1.jar:/home/stian/.m2/repository/org/eclipse/jetty/jetty-server/11.0.13/jetty-server-11.0.13.jar:/home/stian/.m2/repository/org/eclipse/jetty/jetty-http/11.0.13/jetty-http-11.0.13.jar:/home/stian/.m2/repository/org/eclipse/jetty/jetty-io/11.0.13/jetty-io-11.0.13.jar:/home/stian/.m2/repository/org/slf4j/slf4j-api/2.0.5/slf4j-api-2.0.5.jar:/home/stian/.m2/repository/org/eclipse/jetty/jetty-util/11.0.13/jetty-util-11.0.13.jar:/home/stian/.m2/repository/org/junit/jupiter/junit-jupiter/5.9.1/junit-jupiter-5.9.1.jar:/home/stian/.m2/repository/org/junit/jupiter/junit-jupiter-params/5.9.1/junit-jupiter-params-5.9.1.jar:/home/stian/.m2/repository/org/hamcrest/hamcrest/2.2/hamcrest-2.2.jar:/home/stian/.m2/repository/org/junit/jupiter/junit-jupiter-api/5.8.1/junit-jupiter-api-5.8.1.jar:/home/stian/.m2/repository/org/opentest4j/opentest4j/1.2.0/opentest4j-1.2.0.jar:/home/stian/.m2/repository/org/junit/platform/junit-platform-commons/1.8.1/junit-platform-commons-1.8.1.jar:/home/stian/.m2/repository/org/apiguardian/apiguardian-api/1.1.2/apiguardian-api-1.1.2.jar:/home/stian/.m2/repository/org/junit/jupiter/junit-jupiter-engine/5.8.1/junit-jupiter-engine-5.8.1.jar:/home/stian/.m2/repository/org/junit/platform/junit-platform-engine/1.8.1/junit-platform-engine-1.8.1.jar:/home/stian/.m2/repository/c3p0/c3p0/0.9.1.2/c3p0-0.9.1.2.jar:/home/stian/.m2/repository/mysql/mysql-connector-java/8.0.16/mysql-connector-java-8.0.16.jar:/home/stian/.m2/repository/com/google/protobuf/protobuf-java/3.6.1/protobuf-java-3.6.1.jar:/home/stian/.m2/repository/javax/websocket/javax.websocket-api/1.1/javax.websocket-api-1.1.jar:/home/stian/.m2/repository/com/googlecode/json-simple/json-simple/1.1.1/json-simple-1.1.1.jar:/home/stian/.m2/repository/junit/junit/4.10/junit-4.10.jar:/home/stian/.m2/repository/org/hamcrest/hamcrest-core/1.1/hamcrest-core-1.1.jar:"/>
    <property name="sun.cpu.endian" value="little"/>
    <property name="user.home" value="/home/stian"/>
    <property name="user.language" value="en"/>
    <property name="java.specification.vendor" value="Oracle Corporation"/>
    <property name="java.version.date" value="2023-01-17"/>
    <property name="java.home" value="/usr/lib/jvm/java-19-openjdk"/>
    <property name="file.separator" value="/"/>
    <property name="basedir" value="/home/stian/code/NTNU/idatt1002/devops-workshop"/>
    <property name="java.vm.compressedOopsMode" value="Zero based"/>
    <property name="line.separator" value="&#10;"/>
    <property name="java.specification.name" value="Java Platform API Specification"/>
    <property name="java.vm.specification.vendor" value="Oracle Corporation"/>
    <property name="surefire.real.class.path" value="/home/stian/code/NTNU/idatt1002/devops-workshop/target/surefire/surefirebooter-20230307153037435_3.jar"/>
    <property name="sun.management.compiler" value="HotSpot 64-Bit Tiered Compilers"/>
    <property name="java.runtime.version" value="19.0.2+7"/>
    <property name="user.name" value="stian"/>
    <property name="stdout.encoding" value="UTF-8"/>
    <property name="path.separator" value=":"/>
    <property name="os.version" value="6.2.2-arch1-1"/>
    <property name="java.runtime.name" value="OpenJDK Runtime Environment"/>
    <property name="file.encoding" value="UTF-8"/>
    <property name="java.vm.name" value="OpenJDK 64-Bit Server VM"/>
    <property name="localRepository" value="/home/stian/.m2/repository"/>
    <property name="java.vendor.url.bug" value="https://bugreport.java.com/bugreport/"/>
    <property name="jetty.git.hash" value="a04bd1ccf844cf9bebc12129335d7493111cbff6"/>
    <property name="java.io.tmpdir" value="/tmp"/>
    <property name="java.version" value="19.0.2"/>
    <property name="user.dir" value="/home/stian/code/NTNU/idatt1002/devops-workshop"/>
    <property name="os.arch" value="amd64"/>
    <property name="java.vm.specification.name" value="Java Virtual Machine Specification"/>
    <property name="native.encoding" value="UTF-8"/>
    <property name="java.library.path" value="/usr/java/packages/lib:/usr/lib64:/lib64:/lib:/usr/lib"/>
    <property name="java.vm.info" value="mixed mode"/>
    <property name="stderr.encoding" value="UTF-8"/>
    <property name="java.vendor" value="N/A"/>
    <property name="java.vm.version" value="19.0.2+7"/>
    <property name="sun.io.unicode.encoding" value="UnicodeLittle"/>
    <property name="java.class.version" value="63.0"/>
  </properties>
  <testcase name="testGetUsers" classname="UserDAOTest" time="0.374"/>
  <testcase name="testGenerateSalt" classname="UserDAOTest" time="0.334"/>
  <testcase name="testAddUser" classname="UserDAOTest" time="0.395"/>
  <testcase name="testUpdateUser" classname="UserDAOTest" time="0.306"/>
  <testcase name="testHashPassword" classname="UserDAOTest" time="0.34"/>
  <testcase name="testGetUserByUsername" classname="UserDAOTest" time="0.375"/>
</testsuite>